make all --print-data-base --no-builtin-variables --no-builtin-rules --question
# GNU Make 4.3
# Built for x86_64-pc-linux-gnu
# Copyright (C) 1988-2020 Free Software Foundation, Inc.
# License GPLv3+: GNU GPL version 3 or later <http://gnu.org/licenses/gpl.html>
# This is free software: you are free to change and redistribute it.
# There is NO WARRANTY, to the extent permitted by law.

# Make data base, printed on Sat Nov 20 16:45:42 2021

# Variables

# environment
GDK_BACKEND = x11
# environment
LC_ALL = C
# environment
NO_AT_BRIDGE = 1
# makefile (from 'Makefile', line 5)
SRC := src
# environment
SNAP_INSTANCE_KEY = 
# environment
VSCODE_IPC_HOOK_EXTHOST = /run/user/1000/vscode-ipc-628279fc-f3dd-4a81-8536-7a43c5af397f.sock
# environment
LC_NAME = pt_BR.UTF-8
# environment
LC_NUMERIC = pt_BR.UTF-8
# environment
VSCODE_CWD = /home/danielf/Desktop/ou/Trabalho-ED2
# environment
WINDOWID = 117441549
# environment
LC_ADDRESS = pt_BR.UTF-8
# environment
GDM_LANG = en_US.utf8
# default
MAKE_COMMAND := make
# environment
GTK3_MODULES = xapp-gtk3-module:xapp-gtk3-module
# automatic
@D = $(patsubst %/,%,$(dir $@))
# environment
SNAP_INSTANCE_NAME = code
# environment
GDK_PIXBUF_MODULEDIR = /snap/code/81/usr/lib/x86_64-linux-gnu/gdk-pixbuf-2.0/2.10.0/loaders
# environment
VSCODE_HANDLES_UNCAUGHT_ERRORS = true
# default
.VARIABLES := 
# environment
PWD = /home/danielf/Desktop/ou/Trabalho-ED2
# automatic
%D = $(patsubst %/,%,$(dir $%))
# environment
MAIL = /var/spool/mail/danielf
# environment
XDG_DATA_DIRS = /home/danielf/.local/share/flatpak/exports/share:/var/lib/flatpak/exports/share:/usr/local/share:/usr/share:/var/lib/snapd/desktop:/usr/share
# environment
OLDPWD = /home/danielf/Desktop/ou
# automatic
^D = $(patsubst %/,%,$(dir $^))
# environment
VSCODE_LOG_STACK = false
# automatic
%F = $(notdir $%)
# environment
VSCODE_CODE_CACHE_PATH = /home/danielf/.config/Code/CachedData/3a6960b964327f0e3882ce18fcebd07ed191b316
# environment
XDG_SESSION_PATH = /org/freedesktop/DisplayManager/Session0
# environment
LANG = C
# environment
XAUTHORITY = /home/danielf/.Xauthority
# default
.LOADED := 
# default
.INCLUDE_DIRS = /usr/include /usr/local/include /usr/include
# makefile
MAKEFLAGS = pqrR
# makefile
CURDIR := /home/danielf/Desktop/ou/Trabalho-ED2
# environment
VSCODE_PIPE_LOGGING = true
# environment
APPLICATION_INSIGHTS_NO_DIAGNOSTIC_CHANNEL = true
# automatic
*D = $(patsubst %/,%,$(dir $*))
# environment
MFLAGS = -pqrR
# environment
SSH_AUTH_SOCK = /tmp/ssh-XXXXXXIfbiTI/agent.1260
# default
.SHELLFLAGS := -c
# environment
XDG_CONFIG_DIRS = /etc/xdg
# automatic
+D = $(patsubst %/,%,$(dir $+))
# environment
XDG_SESSION_DESKTOP = xfce
# environment
VSCODE_CRASH_REPORTER_START_OPTIONS = {"companyName":"Microsoft","productName":"VSCode","submitURL":"appcenter://code?aid=fba07a4d-84bd-4fc8-a125-9640fc8ce171&uid=cfb4126f-f1cf-4cd6-8db2-453edcc9619a&iid=cfb4126f-f1cf-4cd6-8db2-453edcc9619a&sid=cfb4126f-f1cf-4cd6-8db2-453edcc9619a","uploadToServer":true}
# makefile (from 'Makefile', line 1)
MAKEFILE_LIST := Makefile
# environment
SNAP_REEXEC = 
# automatic
@F = $(notdir $@)
# environment
VSCODE_VERBOSE_LOGGING = true
# environment
VSCODE_PID = 8983
# environment
XDG_SESSION_TYPE = x11
# automatic
?D = $(patsubst %/,%,$(dir $?))
# environment
SESSION_MANAGER = local/daniel-aspirea31541:@/tmp/.ICE-unix/1209,unix/daniel-aspirea31541:/tmp/.ICE-unix/1209
# automatic
*F = $(notdir $*)
# environment
QT_QPA_PLATFORMTHEME = qt5ct
# environment
CHROME_DESKTOP = code-url-handler.desktop
# environment
DBUS_SESSION_BUS_ADDRESS = unix:path=/run/user/1000/bus
# automatic
<D = $(patsubst %/,%,$(dir $<))
# environment
VSCODE_NLS_CONFIG = {"locale":"en-us","availableLanguages":{},"_languagePackSupport":true}
# makefile (from 'Makefile', line 6)
INCLUDE := inc
# environment
BREAKPAD_DUMP_LOCATION = /home/danielf/.config/Code/exthost Crash Reports
# default
MAKE_HOST := x86_64-pc-linux-gnu
# makefile
SHELL = /bin/sh
# default
MAKECMDGOALS := all
# environment
SHLVL = 2
# environment
MAKELEVEL := 0
# default
MAKE = $(MAKE_COMMAND)
# environment
SNAP_COOKIE = eMxZonevuY4qa8WgrMS2gB-bd1DyA-DyjIBEFm0gLO1BKgrTIvTd
# environment
PATH = /home/danielf/.local/bin:/usr/local/bin:/usr/bin:/bin:/usr/local/sbin:/usr/lib/jvm/default/bin:/usr/bin/site_perl:/usr/bin/vendor_perl:/usr/bin/core_perl:/var/lib/snapd/snap/bin
# default
MAKEFILES := 
# environment
LC_MONETARY = pt_BR.UTF-8
# environment
MOTD_SHOWN = pam
# automatic
^F = $(notdir $^)
# environment
SNAP_USER_COMMON = /home/danielf/snap/code/common
# environment
LC_TIME = pt_BR.UTF-8
# environment
SNAP = /snap/code/81
# environment
SNAP_REVISION = 81
# environment
SNAP_REAL_HOME = /home/danielf
# environment
VSCODE_LOG_NATIVE = false
# environment
LC_TELEPHONE = pt_BR.UTF-8
# automatic
?F = $(notdir $?)
# environment
XDG_SEAT = seat0
# environment
XDG_CURRENT_DESKTOP = XFCE
# environment
LS_COLORS = rs=0:di=01;34:ln=01;36:mh=00:pi=40;33:so=01;35:do=01;35:bd=40;33;01:cd=40;33;01:or=01;05;37;41:mi=01;05;37;41:su=37;41:sg=30;43:ca=30;41:tw=30;42:ow=34;42:st=37;44:ex=01;32:*.tar=01;31:*.tgz=01;31:*.arc=01;31:*.arj=01;31:*.taz=01;31:*.lha=01;31:*.lz4=01;31:*.lzh=01;31:*.lzma=01;31:*.tlz=01;31:*.txz=01;31:*.tzo=01;31:*.t7z=01;31:*.zip=01;31:*.z=01;31:*.Z=01;31:*.dz=01;31:*.gz=01;31:*.lrz=01;31:*.lz=01;31:*.lzo=01;31:*.xz=01;31:*.bz2=01;31:*.bz=01;31:*.tbz=01;31:*.tbz2=01;31:*.tz=01;31:*.deb=01;31:*.rpm=01;31:*.jar=01;31:*.war=01;31:*.ear=01;31:*.sar=01;31:*.rar=01;31:*.alz=01;31:*.ace=01;31:*.zoo=01;31:*.cpio=01;31:*.7z=01;31:*.rz=01;31:*.cab=01;31:*.jpg=01;35:*.jpeg=01;35:*.gif=01;35:*.bmp=01;35:*.pbm=01;35:*.pgm=01;35:*.ppm=01;35:*.tga=01;35:*.xbm=01;35:*.xpm=01;35:*.tif=01;35:*.tiff=01;35:*.png=01;35:*.svg=01;35:*.svgz=01;35:*.mng=01;35:*.pcx=01;35:*.mov=01;35:*.mpg=01;35:*.mpeg=01;35:*.m2v=01;35:*.mkv=01;35:*.webm=01;35:*.ogm=01;35:*.mp4=01;35:*.m4v=01;35:*.mp4v=01;35:*.vob=01;35:*.qt=01;35:*.nuv=01;35:*.wmv=01;35:*.asf=01;35:*.rm=01;35:*.rmvb=01;35:*.flc=01;35:*.avi=01;35:*.fli=01;35:*.flv=01;35:*.gl=01;35:*.dl=01;35:*.xcf=01;35:*.xwd=01;35:*.yuv=01;35:*.cgm=01;35:*.emf=01;35:*.axv=01;35:*.anx=01;35:*.ogv=01;35:*.ogx=01;35:*.pdf=00;32:*.ps=00;32:*.txt=00;32:*.patch=00;32:*.diff=00;32:*.log=00;32:*.tex=00;32:*.doc=00;32:*.aac=00;36:*.au=00;36:*.flac=00;36:*.m4a=00;36:*.mid=00;36:*.midi=00;36:*.mka=00;36:*.mp3=00;36:*.mpc=00;36:*.ogg=00;36:*.ra=00;36:*.wav=00;36:*.axa=00;36:*.oga=00;36:*.spx=00;36:*.xspf=00;36:
# automatic
+F = $(notdir $+)
# environment
XDG_SEAT_PATH = /org/freedesktop/DisplayManager/Seat0
# environment
DESKTOP_SESSION = xfce
# environment
ORIGINAL_XDG_CURRENT_DESKTOP = XFCE
# 'override' directive
GNUMAKEFLAGS := 
# environment
LOGNAME = danielf
# environment
SNAP_ARCH = amd64
# environment
XDG_VTNR = 7
# makefile
.DEFAULT_GOAL := all
# environment
EDITOR = /usr/bin/nano
# environment
DISPLAY = :0.0
# environment
GTK_MODULES = canberra-gtk-module:canberra-gtk-module
# environment
USER = danielf
# default
MAKE_VERSION := 4.3
# environment
DISABLE_WAYLAND = 1
# environment
SNAP_DATA = /var/snap/code/81
# environment
SNAP_CONTEXT = eMxZonevuY4qa8WgrMS2gB-bd1DyA-DyjIBEFm0gLO1BKgrTIvTd
# makefile (from 'Makefile', line 9)
EXECUTABLE := Reviews
# environment
LC_MEASUREMENT = pt_BR.UTF-8
# makefile (from 'Makefile', line 2)
CXX_FLAGS := -std=c++17 -ggdb
# environment
SSH_AGENT_PID = 1261
# environment
_ = /usr/bin/make
# environment
LC_PAPER = pt_BR.UTF-8
# makefile (from 'Makefile', line 4)
BIN := bin
# environment
XDG_RUNTIME_DIR = /run/user/1000
# environment
COLORTERM = truecolor
# environment
GDK_PIXBUF_MODULE_FILE = /home/danielf/snap/code/common/.cache/gdk-pixbuf-loaders.cache
# environment
XDG_SESSION_CLASS = user
# makefile (from 'Makefile', line 8)
LIBRARIES := 
# environment
VSCODE_AMD_ENTRYPOINT = vs/workbench/services/extensions/node/extensionHostProcess
# environment
GTK2_RC_FILES = /home/danielf/.gtkrc-2.0
# environment
HOME = /home/danielf
# environment
ELECTRON_RUN_AS_NODE = 1
# environment
VSCODE_IPC_HOOK = /run/user/1000/vscode-4df6ad82-1.62.2-main.sock
# environment
TERM = xterm-256color
# environment
SNAP_NAME = code
# environment
GSETTINGS_SCHEMA_DIR = /snap/code/81/usr/share/glib-2.0/schemas
# environment
XDG_SESSION_ID = 2
# default
.RECIPEPREFIX := 
# automatic
<F = $(notdir $<)
# environment
SNAP_VERSION = 3a6960b9
# default
SUFFIXES := 
# environment
QT_AUTO_SCREEN_SCALE_FACTOR = 0
# environment
VSCODE_CLI = 1
# environment
ELECTRON_NO_ATTACH_CONSOLE = 1
# environment
VTE_VERSION = 6600
# environment
SNAP_COMMON = /var/snap/code/common
# environment
XDG_GREETER_DATA_DIR = /var/lib/lightdm-data/danielf
# default
.FEATURES := target-specific order-only second-expansion else-if shortest-stem undefine oneshell nocomment grouped-target extra-prereqs archives jobserver output-sync check-symlink guile load
# makefile (from 'Makefile', line 1)
CXX := g++
# environment
SNAP_USER_DATA = /home/danielf/snap/code/81
# environment
XDG_MENU_PREFIX = xfce-
# environment
GDMSESSION = xfce
# environment
LC_IDENTIFICATION = pt_BR.UTF-8
# environment
SNAP_LIBRARY_PATH = /var/lib/snapd/lib/gl:/var/lib/snapd/lib/gl32:/var/lib/snapd/void
# variable set hash-table stats:
 
# Load=139/1024=14%, Rehash=0, Collisions=18/181=10%

# Pattern-specific Variable Values

# No pattern-specific variable values.

# Directories

# src (device 2053, inode 8653290): 5 files, no impossibilities.
# . (device 2053, inode 8652667): 13 files, no impossibilities.

# 18 files, no impossibilities in 2 directories.

# Implicit Rules

# No implicit rules.

# Files

bin/Reviews: src/lista.cpp src/main.cpp src/review.cpp
#  Implicit rule search has not been done.
#  Implicit/static pattern stem: ''
#  Last modified 2021-11-20 15:00:41.733039476
#  File has been updated.
#  Needs to be updated (-q is set).
# automatic
# @ := bin/Reviews
# automatic
# * := 
# automatic
# < := src/lista.cpp
# automatic
# + := src/lista.cpp src/main.cpp src/review.cpp
# automatic
# % := 
# automatic
# ^ := src/lista.cpp src/main.cpp src/review.cpp
# automatic
# ? := src/lista.cpp src/main.cpp
# automatic
# | := 
# variable set hash-table stats:
# Load=8/32=25%, Rehash=0, Collisions=6/17=35%
#  recipe to execute (from 'Makefile', line 19):
	$(CXX) $(CXX_FLAGS) -I$(INCLUDE) $^ -o $@ $(LIBRARIES)

# Not a target:
Makefile:
#  Implicit rule search has been done.
#  Last modified 2021-11-20 15:00:41.729706135
#  File has been updated.
#  Successfully updated.

# Not a target:
src/main.cpp:
#  Implicit rule search has been done.
#  Last modified 2021-11-20 16:42:59.726130872
#  File has been updated.
#  Successfully updated.

clean:
#  Implicit rule search has not been done.
#  Modification time never checked.
#  File has not been updated.
#  recipe to execute (from 'Makefile', line 22):
	-rm $(BIN)/*

# Not a target:
.DEFAULT:
#  Implicit rule search has not been done.
#  Modification time never checked.
#  File has not been updated.

all: bin/Reviews
#  Command line target.
#  Implicit rule search has been done.
#  File does not exist.
#  File has been updated.
#  Needs to be updated (-q is set).
# variable set hash-table stats:
# Load=0/32=0%, Rehash=0, Collisions=0/7=0%

run: clean all
#  Implicit rule search has not been done.
#  Modification time never checked.
#  File has not been updated.
#  recipe to execute (from 'Makefile', line 15):
	clear
	./$(BIN)/$(EXECUTABLE)

# Not a target:
src/review.cpp:
#  Implicit rule search has been done.
#  Last modified 2021-11-20 15:00:41.733039476
#  File has been updated.
#  Successfully updated.

# Not a target:
src/lista.cpp:
#  Implicit rule search has been done.
#  Last modified 2021-11-20 16:39:27.058320378
#  File has been updated.
#  Successfully updated.

# Not a target:
.SUFFIXES:
#  Implicit rule search has not been done.
#  Modification time never checked.
#  File has not been updated.

# files hash-table stats:
# Load=10/1024=1%, Rehash=0, Collisions=0/30=0%
# VPATH Search Paths

# No 'vpath' search paths.

# No general ('VPATH' variable) search path.

# strcache buffers: 1 (0) / strings = 27 / storage = 231 B / avg = 8 B
# current buf: size = 8162 B / used = 231 B / count = 27 / avg = 8 B

# strcache performance: lookups = 43 / hit rate = 37%
# hash-table stats:
# Load=27/8192=0%, Rehash=0, Collisions=0/43=0%
# Finished Make data base on Sat Nov 20 16:45:43 2021

 
